<?xml version="1.0" encoding="UTF-8"?>
<!-- Generated by org.testng.reporters.JUnitXMLReporter -->
<testsuite ignored="0" hostname="ThanhNhanh" failures="0" tests="21" name="Surefire test" time="91.671" errors="0" timestamp="2026-03-02T16:33:05 ICT">
  <testcase classname="com.poly.test.CookieUtilTest" name="testAdd_Cookie" time="0.129"/>
  <testcase classname="com.poly.test.CookieUtilTest" name="testAdd_DeleteCookie" time="0.018"/>
  <testcase classname="com.poly.test.CookieUtilTest" name="testGet_CookieExists" time="0.02"/>
  <testcase classname="com.poly.test.CookieUtilTest" name="testGet_CookieNotExists" time="0.007"/>
  <testcase classname="com.poly.test.DienMayXanhLoginTest" name="TC01_ValidPhone" time="9.032"/>
  <testcase classname="com.poly.test.DienMayXanhLoginTest" name="TC02_InvalidPhone" time="8.241"/>
  <testcase classname="com.poly.test.DienMayXanhLoginTest" name="TC03_PhoneWithLetters" time="8.156"/>
  <testcase classname="com.poly.test.DienMayXanhLoginTest" name="TC04_EmptyPhone" time="7.656"/>
  <testcase classname="com.poly.test.DienMayXanhLoginTest" name="TC05_SpecialCharacters" time="8.333"/>
  <testcase classname="com.poly.test.UserDAOTest" name="testCheckLogin_Fail" time="0.009"/>
  <testcase classname="com.poly.test.UserDAOTest" name="testCheckLogin_Success" time="0.004"/>
  <testcase classname="com.poly.test.UserDAOTest" name="testCreate_Boundary_Error" time="0.005"/>
  <testcase classname="com.poly.test.UserDAOTest" name="testCreate_DuplicateId" time="0.004"/>
  <testcase classname="com.poly.test.UserDAOTest" name="testCreate_Success" time="0.002"/>
  <testcase classname="com.poly.test.UserDAOTest" name="testFindById_InvalidId" time="0.002"/>
  <testcase classname="com.poly.test.UserDAOTest" name="testFindById_ValidId" time="0.002"/>
  <testcase classname="com.poly.test.VideoDAOTest" name="testCreate_Video" time="0.003"/>
  <testcase classname="com.poly.test.VideoDAOTest" name="testDelete_Video" time="0.004"/>
  <testcase classname="com.poly.test.VideoDAOTest" name="testFindById_Found" time="0.002"/>
  <testcase classname="com.poly.test.VideoDAOTest" name="testFindById_NotFound" time="0.003"/>
  <testcase classname="com.poly.test.VideoDAOTest" name="testUpdate_Video" time="0.004"/>
</testsuite> <!-- Surefire test -->
