<?xml version="1.0" encoding="UTF-8"?>
<!-- Generated by org.testng.reporters.JUnitXMLReporter -->
<testsuite ignored="0" hostname="ThanhNhanh" failures="0" tests="7" name="Surefire test" time="15.03" errors="0" timestamp="2026-01-22T00:35:19 ICT">
  <testcase classname="com.poly.test.CookieUtilTest" name="testAdd_Cookie" time="0.183"/>
  <testcase classname="com.poly.test.CookieUtilTest" name="testGet_CookieExists" time="0.03"/>
  <testcase classname="com.poly.test.CookieUtilTest" name="testGet_CookieNotExists" time="0.006"/>
  <testcase classname="com.poly.test.UserDAOTest" name="testCreate_DuplicateId" time="0.011"/>
  <testcase classname="com.poly.test.UserDAOTest" name="testCreate_Success" time="0.003"/>
  <testcase classname="com.poly.test.UserDAOTest" name="testFindById_InvalidId" time="0.006"/>
  <testcase classname="com.poly.test.UserDAOTest" name="testFindById_ValidId" time="0.004"/>
</testsuite> <!-- Surefire test -->
