<?xml version="1.0" encoding="UTF-8"?>
<!-- Generated by org.testng.reporters.JUnitXMLReporter -->
<testsuite ignored="0" hostname="ThanhNhanh" failures="0" tests="5" name="Default test" time="91.159" errors="0" timestamp="2026-02-28T20:40:38 ICT">
  <testcase classname="com.poly.test.DienMayXanhLoginTest" name="TC01_ValidPhone" time="10.795"/>
  <testcase classname="com.poly.test.DienMayXanhLoginTest" name="TC02_InvalidPhone" time="8.92"/>
  <testcase classname="com.poly.test.DienMayXanhLoginTest" name="TC03_PhoneWithLetters" time="8.499"/>
  <testcase classname="com.poly.test.DienMayXanhLoginTest" name="TC04_EmptyPhone" time="9.01"/>
  <testcase classname="com.poly.test.DienMayXanhLoginTest" name="TC05_SpecialCharacters" time="8.269"/>
</testsuite> <!-- Default test -->
