<?xml version="1.0" encoding="UTF-8"?>
<!-- Generated by org.testng.reporters.JUnitXMLReporter -->
<testsuite ignored="0" hostname="ThanhNhanh" failures="0" tests="5" name="Default test" time="90.141" errors="0" timestamp="2026-03-02T16:53:22 ICT">
  <testcase classname="com.poly.test.DienMayXanhLoginTest" name="TC01_ValidPhone" time="11.301"/>
  <testcase classname="com.poly.test.DienMayXanhLoginTest" name="TC02_InvalidPhone" time="10.191"/>
  <testcase classname="com.poly.test.DienMayXanhLoginTest" name="TC03_PhoneWithLetters" time="9.562"/>
  <testcase classname="com.poly.test.DienMayXanhLoginTest" name="TC04_EmptyPhone" time="9.047"/>
  <testcase classname="com.poly.test.DienMayXanhLoginTest" name="TC05_SpecialCharacters" time="12.634"/>
</testsuite> <!-- Default test -->
