<?xml version="1.0" encoding="UTF-8"?>
<testsuite xmlns:xsi="http://www.w3.org/2001/XMLSchema-instance" xsi:noNamespaceSchemaLocation="https://maven.apache.org/surefire/maven-surefire-plugin/xsd/surefire-test-report-3.0.xsd" version="3.0" name="TestSuite" time="93.129" tests="21" errors="0" skipped="0" failures="0">
  <properties>
[...]
</properties>
  <testcase name="testAdd_Cookie" classname="com.poly.test.CookieUtilTest" time="0.129">
    <system-err><![CDATA[SLF4J: Failed to load class "org.slf4j.impl.StaticLoggerBinder".
SLF4J: Defaulting to no-operation (NOP) logger implementation
SLF4J: See http://www.slf4j.org/codes.html#StaticLoggerBinder for further details.
WARNING: A Java agent has been loaded dynamically (C:\Users\ASUS\.m2\repository\net\bytebuddy\byte-buddy-agent\1.14.6\byte-buddy-agent-1.14.6.jar)
WARNING: If a serviceability tool is in use, please run with -XX:+EnableDynamicAgentLoading to hide this warning
WARNING: If a serviceability tool is not in use, please run with -Djdk.instrument.traceUsage for more information
WARNING: Dynamic loading of agents will be disallowed by default in a future release
]]></system-err>
  </testcase>
  <testcase name="testAdd_DeleteCookie" classname="com.poly.test.CookieUtilTest" time="0.023"/>
  <testcase name="testGet_CookieExists" classname="com.poly.test.CookieUtilTest" time="0.024"/>
  <testcase name="testGet_CookieNotExists" classname="com.poly.test.CookieUtilTest" time="0.007"/>
  <testcase name="TC01_ValidPhone" classname="com.poly.test.DienMayXanhLoginTest" time="9.032">
    <system-err><![CDATA[Mar 02, 2026 4:31:43 PM org.openqa.selenium.devtools.CdpVersionFinder findNearestMatch
WARNING: Unable to find CDP implementation matching 145
Mar 02, 2026 4:31:43 PM org.openqa.selenium.chromium.ChromiumDriver lambda$new$5
WARNING: Unable to find version of CDP to use for 145.0.7632.117. You may need to include a dependency on a specific version of the CDP using something similar to `org.seleniumhq.selenium:selenium-devtools-v86:4.16.1` where the version ("v86") matches the version of the chromium-based browser you're using and the version number of the artifact is the same as Selenium's.
]]></system-err>
  </testcase>
  <testcase name="TC02_InvalidPhone" classname="com.poly.test.DienMayXanhLoginTest" time="8.243">
    <system-err><![CDATA[Mar 02, 2026 4:32:00 PM org.openqa.selenium.devtools.CdpVersionFinder findNearestMatch
WARNING: Unable to find CDP implementation matching 145
Mar 02, 2026 4:32:00 PM org.openqa.selenium.chromium.ChromiumDriver lambda$new$5
WARNING: Unable to find version of CDP to use for 145.0.7632.117. You may need to include a dependency on a specific version of the CDP using something similar to `org.seleniumhq.selenium:selenium-devtools-v86:4.16.1` where the version ("v86") matches the version of the chromium-based browser you're using and the version number of the artifact is the same as Selenium's.
]]></system-err>
  </testcase>
  <testcase name="TC03_PhoneWithLetters" classname="com.poly.test.DienMayXanhLoginTest" time="8.156">
    <system-err><![CDATA[Mar 02, 2026 4:32:15 PM org.openqa.selenium.devtools.CdpVersionFinder findNearestMatch
WARNING: Unable to find CDP implementation matching 145
Mar 02, 2026 4:32:15 PM org.openqa.selenium.chromium.ChromiumDriver lambda$new$5
WARNING: Unable to find version of CDP to use for 145.0.7632.117. You may need to include a dependency on a specific version of the CDP using something similar to `org.seleniumhq.selenium:selenium-devtools-v86:4.16.1` where the version ("v86") matches the version of the chromium-based browser you're using and the version number of the artifact is the same as Selenium's.
]]></system-err>
  </testcase>
  <testcase name="TC04_EmptyPhone" classname="com.poly.test.DienMayXanhLoginTest" time="7.66">
    <system-err><![CDATA[Mar 02, 2026 4:32:29 PM org.openqa.selenium.devtools.CdpVersionFinder findNearestMatch
WARNING: Unable to find CDP implementation matching 145
Mar 02, 2026 4:32:29 PM org.openqa.selenium.chromium.ChromiumDriver lambda$new$5
WARNING: Unable to find version of CDP to use for 145.0.7632.117. You may need to include a dependency on a specific version of the CDP using something similar to `org.seleniumhq.selenium:selenium-devtools-v86:4.16.1` where the version ("v86") matches the version of the chromium-based browser you're using and the version number of the artifact is the same as Selenium's.
]]></system-err>
  </testcase>
  <testcase name="TC05_SpecialCharacters" classname="com.poly.test.DienMayXanhLoginTest" time="8.334">
    <system-err><![CDATA[Mar 02, 2026 4:32:43 PM org.openqa.selenium.devtools.CdpVersionFinder findNearestMatch
WARNING: Unable to find CDP implementation matching 145
Mar 02, 2026 4:32:43 PM org.openqa.selenium.chromium.ChromiumDriver lambda$new$5
WARNING: Unable to find version of CDP to use for 145.0.7632.117. You may need to include a dependency on a specific version of the CDP using something similar to `org.seleniumhq.selenium:selenium-devtools-v86:4.16.1` where the version ("v86") matches the version of the chromium-based browser you're using and the version number of the artifact is the same as Selenium's.
]]></system-err>
  </testcase>
  <testcase name="testCheckLogin_Fail" classname="com.poly.test.UserDAOTest" time="0.01">
    <system-err><![CDATA[Mar 02, 2026 4:32:57 PM org.hibernate.jpa.internal.util.LogHelper logPersistenceUnitInformation
INFO: HHH000204: Processing PersistenceUnitInfo [name: Poly1]
Mar 02, 2026 4:32:57 PM org.hibernate.Version logVersion
INFO: HHH000412: Hibernate ORM core version 6.4.4.Final
Mar 02, 2026 4:32:57 PM org.hibernate.cache.internal.RegionFactoryInitiator initiateService
INFO: HHH000026: Second-level cache disabled
Mar 02, 2026 4:32:58 PM org.hibernate.engine.jdbc.connections.internal.DriverManagerConnectionProviderImpl configure
WARN: HHH10001002: Using built-in connection pool (not intended for production use)
Mar 02, 2026 4:32:58 PM org.hibernate.engine.jdbc.connections.internal.DriverManagerConnectionProviderImpl buildCreator
INFO: HHH10001005: Loaded JDBC driver class: com.microsoft.sqlserver.jdbc.SQLServerDriver
Mar 02, 2026 4:32:58 PM org.hibernate.engine.jdbc.connections.internal.DriverManagerConnectionProviderImpl buildCreator
INFO: HHH10001012: Connecting with JDBC URL [jdbc:sqlserver://localhost:1433;databaseName=Poly1;encrypt=true;trustServerCertificate=true;sendStringParametersAsUnicode=true;]
Mar 02, 2026 4:32:58 PM org.hibernate.engine.jdbc.connections.internal.DriverManagerConnectionProviderImpl buildCreator
INFO: HHH10001001: Connection properties: {password=****, user=sa}
Mar 02, 2026 4:32:58 PM org.hibernate.engine.jdbc.connections.internal.DriverManagerConnectionProviderImpl buildCreator
INFO: HHH10001003: Autocommit mode: false
Mar 02, 2026 4:32:58 PM org.hibernate.engine.jdbc.connections.internal.DriverManagerConnectionProviderImpl$PooledConnections <init>
INFO: HHH10001115: Connection pool size: 20 (min=1)
Mar 02, 2026 4:32:59 PM org.hibernate.engine.jdbc.dialect.internal.DialectFactoryImpl constructDialect
WARN: HHH90000025: SQLServerDialect does not need to be specified explicitly using 'hibernate.dialect' (remove the property setting and it will be selected by default)
Mar 02, 2026 4:33:02 PM org.hibernate.engine.transaction.jta.platform.internal.JtaPlatformInitiator initiateService
INFO: HHH000489: No JTA platform available (set 'hibernate.transaction.jta.platform' to enable JTA platform integration)
Mar 02, 2026 4:33:02 PM org.hibernate.resource.transaction.backend.jdbc.internal.DdlTransactionIsolatorNonJtaImpl getIsolatedConnection
INFO: HHH10001501: Connection obtained from JdbcConnectionAccess [org.hibernate.engine.jdbc.env.internal.JdbcEnvironmentInitiator$ConnectionProviderJdbcConnectionAccess@67d55a46] for (non-JTA) DDL execution was not in auto-commit mode; the Connection 'local transaction' will be committed and the Connection will be set into auto-commit mode.
]]></system-err>
  </testcase>
  <testcase name="testCheckLogin_Success" classname="com.poly.test.UserDAOTest" time="0.005"/>
  <testcase name="testCreate_Boundary_Error" classname="com.poly.test.UserDAOTest" time="0.007"/>
  <testcase name="testCreate_DuplicateId" classname="com.poly.test.UserDAOTest" time="0.004"/>
  <testcase name="testCreate_Success" classname="com.poly.test.UserDAOTest" time="0.003"/>
  <testcase name="testFindById_InvalidId" classname="com.poly.test.UserDAOTest" time="0.002"/>
  <testcase name="testFindById_ValidId" classname="com.poly.test.UserDAOTest" time="0.002"/>
  <testcase name="testCreate_Video" classname="com.poly.test.VideoDAOTest" time="0.002"/>
  <testcase name="testDelete_Video" classname="com.poly.test.VideoDAOTest" time="0.009"/>
  <testcase name="testFindById_Found" classname="com.poly.test.VideoDAOTest" time="0.002"/>
  <testcase name="testFindById_NotFound" classname="com.poly.test.VideoDAOTest" time="0.002"/>
  <testcase name="testUpdate_Video" classname="com.poly.test.VideoDAOTest" time="0.003"/>
</testsuite>