<?xml version="1.0" encoding="UTF-8"?>
<testng-results ignored="0" total="7" passed="7" failed="0" skipped="0">
  <reporter-output>
  </reporter-output>
  <suite started-at="2026-01-22T00:35:04 ICT" name="Surefire suite" finished-at="2026-01-22T00:35:19 ICT" duration-ms="15030">
    <groups>
    </groups>
    <test started-at="2026-01-22T00:35:04 ICT" name="Surefire test" finished-at="2026-01-22T00:35:19 ICT" duration-ms="15030">
      <class name="com.poly.test.CookieUtilTest">
        <test-method is-config="true" signature="setUp()[pri:0, instance:com.poly.test.CookieUtilTest@79ad8b2f]" started-at="2026-01-22T00:35:04 ICT" name="setUp" finished-at="2026-01-22T00:35:09 ICT" duration-ms="4850" status="PASS">
          <reporter-output>
          </reporter-output>
        </test-method> <!-- setUp -->
        <test-method signature="testAdd_Cookie()[pri:0, instance:com.poly.test.CookieUtilTest@79ad8b2f]" started-at="2026-01-22T00:35:09 ICT" name="testAdd_Cookie" finished-at="2026-01-22T00:35:09 ICT" duration-ms="183" status="PASS">
          <reporter-output>
          </reporter-output>
        </test-method> <!-- testAdd_Cookie -->
        <test-method is-config="true" signature="setUp()[pri:0, instance:com.poly.test.CookieUtilTest@79ad8b2f]" started-at="2026-01-22T00:35:09 ICT" name="setUp" finished-at="2026-01-22T00:35:09 ICT" duration-ms="8" status="PASS">
          <reporter-output>
          </reporter-output>
        </test-method> <!-- setUp -->
        <test-method signature="testGet_CookieExists()[pri:0, instance:com.poly.test.CookieUtilTest@79ad8b2f]" started-at="2026-01-22T00:35:09 ICT" name="testGet_CookieExists" finished-at="2026-01-22T00:35:09 ICT" duration-ms="30" status="PASS">
          <reporter-output>
          </reporter-output>
        </test-method> <!-- testGet_CookieExists -->
        <test-method is-config="true" signature="setUp()[pri:0, instance:com.poly.test.CookieUtilTest@79ad8b2f]" started-at="2026-01-22T00:35:09 ICT" name="setUp" finished-at="2026-01-22T00:35:09 ICT" duration-ms="3" status="PASS">
          <reporter-output>
          </reporter-output>
        </test-method> <!-- setUp -->
        <test-method signature="testGet_CookieNotExists()[pri:0, instance:com.poly.test.CookieUtilTest@79ad8b2f]" started-at="2026-01-22T00:35:09 ICT" name="testGet_CookieNotExists" finished-at="2026-01-22T00:35:09 ICT" duration-ms="6" status="PASS">
          <reporter-output>
          </reporter-output>
        </test-method> <!-- testGet_CookieNotExists -->
      </class> <!-- com.poly.test.CookieUtilTest -->
      <class name="com.poly.test.UserDAOTest">
        <test-method is-config="true" signature="setUp()[pri:0, instance:com.poly.test.UserDAOTest@2ddc8ecb]" started-at="2026-01-22T00:35:09 ICT" name="setUp" finished-at="2026-01-22T00:35:19 ICT" duration-ms="9770" status="PASS">
          <reporter-output>
          </reporter-output>
        </test-method> <!-- setUp -->
        <test-method signature="testCreate_DuplicateId()[pri:0, instance:com.poly.test.UserDAOTest@2ddc8ecb]" started-at="2026-01-22T00:35:19 ICT" name="testCreate_DuplicateId" finished-at="2026-01-22T00:35:19 ICT" duration-ms="11" status="PASS">
          <exception class="java.lang.RuntimeException">
            <message>
              <![CDATA[jakarta.persistence.EntityExistsException: Trùng khóa chính]]>
            </message>
            <full-stacktrace>
              <![CDATA[java.lang.RuntimeException: jakarta.persistence.EntityExistsException: Trùng khóa chính
at com.poly.dao.AbstractDAO.create(AbstractDAO.java:25)
at com.poly.test.UserDAOTest.testCreate_DuplicateId(UserDAOTest.java:100)
at java.base/jdk.internal.reflect.DirectMethodHandleAccessor.invoke(DirectMethodHandleAccessor.java:103)
at java.base/java.lang.reflect.Method.invoke(Method.java:580)
at org.testng.internal.invokers.MethodInvocationHelper.invokeMethod(MethodInvocationHelper.java:139)
at org.testng.internal.invokers.TestInvoker.invokeMethod(TestInvoker.java:664)
at org.testng.internal.invokers.TestInvoker.invokeTestMethod(TestInvoker.java:227)
at org.testng.internal.invokers.MethodRunner.runInSequence(MethodRunner.java:50)
at org.testng.internal.invokers.TestInvoker$MethodInvocationAgent.invoke(TestInvoker.java:957)
at org.testng.internal.invokers.TestInvoker.invokeTestMethods(TestInvoker.java:200)
at org.testng.internal.invokers.TestMethodWorker.invokeTestMethods(TestMethodWorker.java:148)
at org.testng.internal.invokers.TestMethodWorker.run(TestMethodWorker.java:128)
at java.base/java.util.ArrayList.forEach(ArrayList.java:1596)
at org.testng.TestRunner.privateRun(TestRunner.java:848)
at org.testng.TestRunner.run(TestRunner.java:621)
at org.testng.SuiteRunner.runTest(SuiteRunner.java:443)
at org.testng.SuiteRunner.runSequentially(SuiteRunner.java:437)
at org.testng.SuiteRunner.privateRun(SuiteRunner.java:397)
at org.testng.SuiteRunner.run(SuiteRunner.java:336)
at org.testng.SuiteRunnerWorker.runSuite(SuiteRunnerWorker.java:52)
at org.testng.SuiteRunnerWorker.run(SuiteRunnerWorker.java:95)
at org.testng.TestNG.runSuitesSequentially(TestNG.java:1280)
at org.testng.TestNG.runSuitesLocally(TestNG.java:1200)
at org.testng.TestNG.runSuites(TestNG.java:1114)
at org.testng.TestNG.run(TestNG.java:1082)
at org.apache.maven.surefire.testng.TestNGExecutor.run(TestNGExecutor.java:155)
at org.apache.maven.surefire.testng.TestNGDirectoryTestSuite.executeMulti(TestNGDirectoryTestSuite.java:169)
at org.apache.maven.surefire.testng.TestNGDirectoryTestSuite.execute(TestNGDirectoryTestSuite.java:88)
at org.apache.maven.surefire.testng.TestNGProvider.invoke(TestNGProvider.java:137)
at org.apache.maven.surefire.booter.ForkedBooter.runSuitesInProcess(ForkedBooter.java:385)
at org.apache.maven.surefire.booter.ForkedBooter.execute(ForkedBooter.java:162)
at org.apache.maven.surefire.booter.ForkedBooter.run(ForkedBooter.java:507)
at org.apache.maven.surefire.booter.ForkedBooter.main(ForkedBooter.java:495)
Caused by: jakarta.persistence.EntityExistsException: Trùng khóa chính
at com.poly.dao.AbstractDAO.create(AbstractDAO.java:20)
... 32 more
]]>
            </full-stacktrace>
          </exception> <!-- java.lang.RuntimeException -->
          <reporter-output>
          </reporter-output>
        </test-method> <!-- testCreate_DuplicateId -->
        <test-method is-config="true" signature="setUp()[pri:0, instance:com.poly.test.UserDAOTest@2ddc8ecb]" started-at="2026-01-22T00:35:19 ICT" name="setUp" finished-at="2026-01-22T00:35:19 ICT" duration-ms="4" status="PASS">
          <reporter-output>
          </reporter-output>
        </test-method> <!-- setUp -->
        <test-method signature="testCreate_Success()[pri:0, instance:com.poly.test.UserDAOTest@2ddc8ecb]" started-at="2026-01-22T00:35:19 ICT" name="testCreate_Success" finished-at="2026-01-22T00:35:19 ICT" duration-ms="3" status="PASS">
          <reporter-output>
          </reporter-output>
        </test-method> <!-- testCreate_Success -->
        <test-method is-config="true" signature="setUp()[pri:0, instance:com.poly.test.UserDAOTest@2ddc8ecb]" started-at="2026-01-22T00:35:19 ICT" name="setUp" finished-at="2026-01-22T00:35:19 ICT" duration-ms="5" status="PASS">
          <reporter-output>
          </reporter-output>
        </test-method> <!-- setUp -->
        <test-method signature="testFindById_InvalidId()[pri:0, instance:com.poly.test.UserDAOTest@2ddc8ecb]" started-at="2026-01-22T00:35:19 ICT" name="testFindById_InvalidId" finished-at="2026-01-22T00:35:19 ICT" duration-ms="6" status="PASS">
          <reporter-output>
          </reporter-output>
        </test-method> <!-- testFindById_InvalidId -->
        <test-method is-config="true" signature="setUp()[pri:0, instance:com.poly.test.UserDAOTest@2ddc8ecb]" started-at="2026-01-22T00:35:19 ICT" name="setUp" finished-at="2026-01-22T00:35:19 ICT" duration-ms="6" status="PASS">
          <reporter-output>
          </reporter-output>
        </test-method> <!-- setUp -->
        <test-method signature="testFindById_ValidId()[pri:0, instance:com.poly.test.UserDAOTest@2ddc8ecb]" started-at="2026-01-22T00:35:19 ICT" name="testFindById_ValidId" finished-at="2026-01-22T00:35:19 ICT" duration-ms="4" status="PASS">
          <reporter-output>
          </reporter-output>
        </test-method> <!-- testFindById_ValidId -->
      </class> <!-- com.poly.test.UserDAOTest -->
    </test> <!-- Surefire test -->
  </suite> <!-- Surefire suite -->
</testng-results>
