<?xml version="1.0" encoding="UTF-8"?>
<testng-results ignored="0" total="5" passed="5" failed="0" skipped="0">
  <reporter-output>
  </reporter-output>
  <suite started-at="2026-03-02T16:51:52 ICT" name="Default suite" finished-at="2026-03-02T16:53:22 ICT" duration-ms="90141">
    <groups>
    </groups>
    <test started-at="2026-03-02T16:51:52 ICT" name="Default test" finished-at="2026-03-02T16:53:22 ICT" duration-ms="90141">
      <class name="com.poly.test.DienMayXanhLoginTest">
        <test-method is-config="true" signature="setUp()[pri:0, instance:com.poly.test.DienMayXanhLoginTest@f5958c9]" started-at="2026-03-02T16:51:52 ICT" name="setUp" finished-at="2026-03-02T16:52:02 ICT" duration-ms="9878" status="PASS">
          <reporter-output>
          </reporter-output>
        </test-method> <!-- setUp -->
        <test-method signature="TC01_ValidPhone()[pri:0, instance:com.poly.test.DienMayXanhLoginTest@f5958c9]" started-at="2026-03-02T16:52:02 ICT" name="TC01_ValidPhone" finished-at="2026-03-02T16:52:13 ICT" duration-ms="11301" status="PASS">
          <reporter-output>
          </reporter-output>
        </test-method> <!-- TC01_ValidPhone -->
        <test-method is-config="true" signature="tearDown()[pri:0, instance:com.poly.test.DienMayXanhLoginTest@f5958c9]" started-at="2026-03-02T16:52:13 ICT" name="tearDown" finished-at="2026-03-02T16:52:14 ICT" duration-ms="548" status="PASS">
          <reporter-output>
          </reporter-output>
        </test-method> <!-- tearDown -->
        <test-method is-config="true" signature="setUp()[pri:0, instance:com.poly.test.DienMayXanhLoginTest@f5958c9]" started-at="2026-03-02T16:52:14 ICT" name="setUp" finished-at="2026-03-02T16:52:22 ICT" duration-ms="8097" status="PASS">
          <reporter-output>
          </reporter-output>
        </test-method> <!-- setUp -->
        <test-method signature="TC02_InvalidPhone()[pri:0, instance:com.poly.test.DienMayXanhLoginTest@f5958c9]" started-at="2026-03-02T16:52:22 ICT" name="TC02_InvalidPhone" finished-at="2026-03-02T16:52:32 ICT" duration-ms="10191" status="PASS">
          <reporter-output>
          </reporter-output>
        </test-method> <!-- TC02_InvalidPhone -->
        <test-method is-config="true" signature="tearDown()[pri:0, instance:com.poly.test.DienMayXanhLoginTest@f5958c9]" started-at="2026-03-02T16:52:32 ICT" name="tearDown" finished-at="2026-03-02T16:52:33 ICT" duration-ms="328" status="PASS">
          <reporter-output>
          </reporter-output>
        </test-method> <!-- tearDown -->
        <test-method is-config="true" signature="setUp()[pri:0, instance:com.poly.test.DienMayXanhLoginTest@f5958c9]" started-at="2026-03-02T16:52:33 ICT" name="setUp" finished-at="2026-03-02T16:52:40 ICT" duration-ms="7599" status="PASS">
          <reporter-output>
          </reporter-output>
        </test-method> <!-- setUp -->
        <test-method signature="TC03_PhoneWithLetters()[pri:0, instance:com.poly.test.DienMayXanhLoginTest@f5958c9]" started-at="2026-03-02T16:52:40 ICT" name="TC03_PhoneWithLetters" finished-at="2026-03-02T16:52:50 ICT" duration-ms="9562" status="PASS">
          <reporter-output>
          </reporter-output>
        </test-method> <!-- TC03_PhoneWithLetters -->
        <test-method is-config="true" signature="tearDown()[pri:0, instance:com.poly.test.DienMayXanhLoginTest@f5958c9]" started-at="2026-03-02T16:52:50 ICT" name="tearDown" finished-at="2026-03-02T16:52:50 ICT" duration-ms="445" status="PASS">
          <reporter-output>
          </reporter-output>
        </test-method> <!-- tearDown -->
        <test-method is-config="true" signature="setUp()[pri:0, instance:com.poly.test.DienMayXanhLoginTest@f5958c9]" started-at="2026-03-02T16:52:50 ICT" name="setUp" finished-at="2026-03-02T16:52:57 ICT" duration-ms="6677" status="PASS">
          <reporter-output>
          </reporter-output>
        </test-method> <!-- setUp -->
        <test-method signature="TC04_EmptyPhone()[pri:0, instance:com.poly.test.DienMayXanhLoginTest@f5958c9]" started-at="2026-03-02T16:52:57 ICT" name="TC04_EmptyPhone" finished-at="2026-03-02T16:53:06 ICT" duration-ms="9047" status="PASS">
          <reporter-output>
          </reporter-output>
        </test-method> <!-- TC04_EmptyPhone -->
        <test-method is-config="true" signature="tearDown()[pri:0, instance:com.poly.test.DienMayXanhLoginTest@f5958c9]" started-at="2026-03-02T16:53:06 ICT" name="tearDown" finished-at="2026-03-02T16:53:06 ICT" duration-ms="516" status="PASS">
          <reporter-output>
          </reporter-output>
        </test-method> <!-- tearDown -->
        <test-method is-config="true" signature="setUp()[pri:0, instance:com.poly.test.DienMayXanhLoginTest@f5958c9]" started-at="2026-03-02T16:53:06 ICT" name="setUp" finished-at="2026-03-02T16:53:09 ICT" duration-ms="2842" status="PASS">
          <reporter-output>
          </reporter-output>
        </test-method> <!-- setUp -->
        <test-method signature="TC05_SpecialCharacters()[pri:0, instance:com.poly.test.DienMayXanhLoginTest@f5958c9]" started-at="2026-03-02T16:53:09 ICT" name="TC05_SpecialCharacters" finished-at="2026-03-02T16:53:22 ICT" duration-ms="12634" status="PASS">
          <reporter-output>
          </reporter-output>
        </test-method> <!-- TC05_SpecialCharacters -->
        <test-method is-config="true" signature="tearDown()[pri:0, instance:com.poly.test.DienMayXanhLoginTest@f5958c9]" started-at="2026-03-02T16:53:22 ICT" name="tearDown" finished-at="2026-03-02T16:53:22 ICT" duration-ms="358" status="PASS">
          <reporter-output>
          </reporter-output>
        </test-method> <!-- tearDown -->
      </class> <!-- com.poly.test.DienMayXanhLoginTest -->
    </test> <!-- Default test -->
  </suite> <!-- Default suite -->
</testng-results>
