<?xml version="1.0" encoding="UTF-8"?>
<!-- Generated by org.testng.reporters.JUnitReportReporter -->
<testsuite hostname="ThanhNhanh" failures="0" tests="4" name="com.poly.test.CookieUtilTest" time="5.088" errors="0" timestamp="2026-01-29T14:39:20 ICT" skipped="0">
  <testcase classname="com.poly.test.CookieUtilTest" name="testGet_CookieExists" time="0.086"/>
  <testcase classname="com.poly.test.CookieUtilTest" name="testAdd_Cookie" time="0.149"/>
  <testcase classname="com.poly.test.CookieUtilTest" name="testAdd_DeleteCookie" time="0.051"/>
  <testcase classname="com.poly.test.CookieUtilTest" name="testGet_CookieNotExists" time="4.802"/>
</testsuite> <!-- com.poly.test.CookieUtilTest -->
