<?xml version="1.0" encoding="UTF-8"?>
<!-- Generated by org.testng.reporters.JUnitReportReporter -->
<testsuite hostname="ThanhNhanh" failures="0" tests="5" name="com.poly.test.VideoDAOTest" time="10.189" errors="0" timestamp="2026-01-28T15:48:42 ICT" skipped="0">
  <testcase classname="com.poly.test.VideoDAOTest" name="testCreate_Video" time="0.018"/>
  <testcase classname="com.poly.test.VideoDAOTest" name="testDelete_Video" time="0.016"/>
  <testcase classname="com.poly.test.VideoDAOTest" name="testFindById_Found" time="10.121"/>
  <testcase classname="com.poly.test.VideoDAOTest" name="testFindById_NotFound" time="0.013"/>
  <testcase classname="com.poly.test.VideoDAOTest" name="testUpdate_Video" time="0.021"/>
</testsuite> <!-- com.poly.test.VideoDAOTest -->
