<?xml version="1.0" encoding="UTF-8"?>
<!-- Generated by org.testng.reporters.JUnitReportReporter -->
<testsuite hostname="ThanhNhanh" failures="0" tests="5" name="com.poly.test.DienMayXanhLoginTest" time="90.023" errors="0" timestamp="2026-03-02T16:53:23 ICT" skipped="0">
  <testcase classname="com.poly.test.DienMayXanhLoginTest" name="TC03_PhoneWithLetters" time="18.207"/>
  <testcase classname="com.poly.test.DienMayXanhLoginTest" name="TC04_EmptyPhone" time="16.052"/>
  <testcase classname="com.poly.test.DienMayXanhLoginTest" name="TC05_SpecialCharacters" time="23.028"/>
  <testcase classname="com.poly.test.DienMayXanhLoginTest" name="TC01_ValidPhone" time="19.258"/>
  <testcase classname="com.poly.test.DienMayXanhLoginTest" name="TC02_InvalidPhone" time="13.478"/>
</testsuite> <!-- com.poly.test.DienMayXanhLoginTest -->
