<?xml version="1.0" encoding="UTF-8"?>
<!-- Generated by org.testng.reporters.JUnitReportReporter -->
<testsuite hostname="ThanhNhanh" failures="0" tests="7" name="com.poly.test.UserDAOTest" time="0.429" errors="0" timestamp="2026-01-28T15:48:42 ICT" skipped="0">
  <testcase classname="com.poly.test.UserDAOTest" name="testCheckLogin_Fail" time="0.032"/>
  <testcase classname="com.poly.test.UserDAOTest" name="testCheckLogin_Success" time="0.027"/>
  <testcase classname="com.poly.test.UserDAOTest" name="testCreate_Boundary_Error" time="0.289"/>
  <testcase classname="com.poly.test.UserDAOTest" name="testFindById_InvalidId" time="0.017"/>
  <testcase classname="com.poly.test.UserDAOTest" name="testCreate_Success" time="0.020"/>
  <testcase classname="com.poly.test.UserDAOTest" name="testFindById_ValidId" time="0.013"/>
  <testcase classname="com.poly.test.UserDAOTest" name="testCreate_DuplicateId" time="0.031"/>
</testsuite> <!-- com.poly.test.UserDAOTest -->
