<?xml version="1.0" encoding="UTF-8"?>
<!-- Generated by org.testng.reporters.JUnitReportReporter -->
<testsuite hostname="ThanhNhanh" failures="0" tests="5" name="com.poly.test.DienMayXanhLoginTest" time="90.996" errors="0" timestamp="2026-02-28T20:40:38 ICT" skipped="0">
  <testcase classname="com.poly.test.DienMayXanhLoginTest" name="TC01_ValidPhone" time="18.506"/>
  <testcase classname="com.poly.test.DienMayXanhLoginTest" name="TC03_PhoneWithLetters" time="21.842"/>
  <testcase classname="com.poly.test.DienMayXanhLoginTest" name="TC05_SpecialCharacters" time="16.536"/>
  <testcase classname="com.poly.test.DienMayXanhLoginTest" name="TC04_EmptyPhone" time="16.953"/>
  <testcase classname="com.poly.test.DienMayXanhLoginTest" name="TC02_InvalidPhone" time="17.159"/>
</testsuite> <!-- com.poly.test.DienMayXanhLoginTest -->
