<?xml version="1.0" encoding="UTF-8"?>
<!-- Generated by org.testng.reporters.JUnitReportReporter -->
<testsuite hostname="ThanhNhanh" failures="0" tests="7" name="com.poly.test.UserDAOTest" time="8.577" errors="0" timestamp="2026-03-02T16:33:05 ICT" skipped="0">
  <testcase classname="com.poly.test.UserDAOTest" name="testCheckLogin_Fail" time="0.014"/>
  <testcase classname="com.poly.test.UserDAOTest" name="testCreate_Success" time="0.007"/>
  <testcase classname="com.poly.test.UserDAOTest" name="testCreate_DuplicateId" time="0.009"/>
  <testcase classname="com.poly.test.UserDAOTest" name="testCreate_Boundary_Error" time="0.010"/>
  <testcase classname="com.poly.test.UserDAOTest" name="testFindById_InvalidId" time="0.009"/>
  <testcase classname="com.poly.test.UserDAOTest" name="testFindById_ValidId" time="8.519"/>
  <testcase classname="com.poly.test.UserDAOTest" name="testCheckLogin_Success" time="0.009"/>
</testsuite> <!-- com.poly.test.UserDAOTest -->
