<?xml version="1.0" encoding="UTF-8"?>
<!-- Generated by org.testng.reporters.JUnitReportReporter -->
<testsuite hostname="ThanhNhanh" failures="0" tests="3" name="com.poly.test.CookieUtilTest" time="5.080" errors="0" timestamp="2026-01-22T00:35:19 ICT" skipped="0">
  <testcase classname="com.poly.test.CookieUtilTest" name="testGet_CookieNotExists" time="0.014"/>
  <testcase classname="com.poly.test.CookieUtilTest" name="testGet_CookieExists" time="4.880"/>
  <testcase classname="com.poly.test.CookieUtilTest" name="testAdd_Cookie" time="0.186"/>
</testsuite> <!-- com.poly.test.CookieUtilTest -->
