<?xml version="1.0" encoding="UTF-8"?>
<!-- Generated by org.testng.reporters.JUnitReportReporter -->
<testsuite hostname="ThanhNhanh" failures="0" tests="4" name="com.poly.test.CookieUtilTest" time="3.286" errors="0" timestamp="2026-03-02T16:33:05 ICT" skipped="0">
  <testcase classname="com.poly.test.CookieUtilTest" name="testGet_CookieNotExists" time="0.011"/>
  <testcase classname="com.poly.test.CookieUtilTest" name="testAdd_Cookie" time="0.135"/>
  <testcase classname="com.poly.test.CookieUtilTest" name="testGet_CookieExists" time="0.024"/>
  <testcase classname="com.poly.test.CookieUtilTest" name="testAdd_DeleteCookie" time="3.116"/>
</testsuite> <!-- com.poly.test.CookieUtilTest -->
