<?xml version="1.0" encoding="UTF-8"?>
<!-- Generated by org.testng.reporters.JUnitReportReporter -->
<testsuite hostname="ThanhNhanh" failures="0" tests="4" name="com.poly.test.UserDAOTest" time="9.809" errors="0" timestamp="2026-01-22T00:35:19 ICT" skipped="0">
  <testcase classname="com.poly.test.UserDAOTest" name="testCreate_DuplicateId" time="0.016"/>
  <testcase classname="com.poly.test.UserDAOTest" name="testFindById_ValidId" time="0.010"/>
  <testcase classname="com.poly.test.UserDAOTest" name="testCreate_Success" time="0.007"/>
  <testcase classname="com.poly.test.UserDAOTest" name="testFindById_InvalidId" time="9.776"/>
</testsuite> <!-- com.poly.test.UserDAOTest -->
